<?xml version="1.0" encoding="utf-8"?><testsuites name="pytest tests"><testsuite name="pytest" errors="0" failures="0" skipped="0" tests="20" time="3.160" timestamp="2026-05-21T04:14:32.471142+00:00" hostname="agent-env-152f1e56-ebc3-4b75-8cf6-6dc5725d7a49"><testcase classname="backend.tests.test_new_features" name="test_real_matches_returns_real_user" time="0.995" /><testcase classname="backend.tests.test_new_features" name="test_real_matches_excludes_self" time="0.050" /><testcase classname="backend.tests.test_new_features" name="test_real_matches_unauthenticated" time="0.112" /><testcase classname="backend.tests.test_new_features" name="test_real_matches_empty_for_no_skills" time="0.389" /><testcase classname="backend.tests.test_new_features" name="test_create_conversation" time="0.052" /><testcase classname="backend.tests.test_new_features" name="test_create_conversation_idempotent" time="0.046" /><testcase classname="backend.tests.test_new_features" name="test_create_conversation_self_blocked" time="0.048" /><testcase classname="backend.tests.test_new_features" name="test_create_conversation_invalid_partner" time="0.045" /><testcase classname="backend.tests.test_new_features" name="test_create_conversation_unauthenticated" time="0.101" /><testcase classname="backend.tests.test_new_features" name="test_list_conversations" time="0.049" /><testcase classname="backend.tests.test_new_features" name="test_send_message" time="0.050" /><testcase classname="backend.tests.test_new_features" name="test_send_empty_message_rejected" time="0.045" /><testcase classname="backend.tests.test_new_features" name="test_get_messages" time="0.050" /><testcase classname="backend.tests.test_new_features" name="test_b_can_see_and_reply" time="0.199" /><testcase classname="backend.tests.test_new_features" name="test_non_participant_cannot_access" time="0.421" /><testcase classname="backend.tests.test_new_features" name="test_get_nonexistent_conversation" time="0.046" /><testcase classname="backend.tests.test_new_features" name="test_share_match_creates_token" time="0.048" /><testcase classname="backend.tests.test_new_features" name="test_get_shared_match_public" time="0.110" /><testcase classname="backend.tests.test_new_features" name="test_get_shared_match_not_found" time="0.107" /><testcase classname="backend.tests.test_new_features" name="test_share_match_unauthenticated" time="0.105" /></testsuite></testsuites>