<?xml version="1.0" encoding="utf-8"?><testsuites name="pytest tests"><testsuite name="pytest" errors="0" failures="0" skipped="0" tests="15" time="15.070" timestamp="2026-05-21T04:14:39.686169+00:00" hostname="agent-env-152f1e56-ebc3-4b75-8cf6-6dc5725d7a49"><testcase classname="backend.tests.backend_test" name="test_register_new_user" time="0.358" /><testcase classname="backend.tests.backend_test" name="test_register_duplicate" time="0.056" /><testcase classname="backend.tests.backend_test" name="test_auth_me" time="0.048" /><testcase classname="backend.tests.backend_test" name="test_admin_login" time="0.382" /><testcase classname="backend.tests.backend_test" name="test_login_invalid" time="0.331" /><testcase classname="backend.tests.backend_test" name="test_unauth_me" time="0.100" /><testcase classname="backend.tests.backend_test" name="test_get_profile" time="0.077" /><testcase classname="backend.tests.backend_test" name="test_update_profile" time="0.102" /><testcase classname="backend.tests.backend_test" name="test_upload_picture" time="0.230" /><testcase classname="backend.tests.backend_test" name="test_matches_get" time="5.424" /><testcase classname="backend.tests.backend_test" name="test_matches_generate" time="6.253" /><testcase classname="backend.tests.backend_test" name="test_file_auth_check" time="0.760" /><testcase classname="backend.tests.backend_test" name="test_cookie_security" time="0.364" /><testcase classname="backend.tests.backend_test" name="test_achievements" time="0.055" /><testcase classname="backend.tests.backend_test" name="test_logout" time="0.464" /></testsuite></testsuites>