<?xml version="1.0" encoding="utf-8"?><testsuites name="pytest tests"><testsuite name="pytest" errors="0" failures="0" skipped="0" tests="13" time="10.595" timestamp="2026-05-19T07:48:06.596445+00:00" hostname="agent-env-152f1e56-ebc3-4b75-8cf6-6dc5725d7a49"><testcase classname="backend.tests.backend_test" name="test_register_new_user" time="0.449" /><testcase classname="backend.tests.backend_test" name="test_register_duplicate" time="0.047" /><testcase classname="backend.tests.backend_test" name="test_auth_me" time="0.046" /><testcase classname="backend.tests.backend_test" name="test_admin_login" time="0.406" /><testcase classname="backend.tests.backend_test" name="test_login_invalid" time="0.371" /><testcase classname="backend.tests.backend_test" name="test_unauth_me" time="0.097" /><testcase classname="backend.tests.backend_test" name="test_get_profile" time="0.047" /><testcase classname="backend.tests.backend_test" name="test_update_profile" time="0.095" /><testcase classname="backend.tests.backend_test" name="test_upload_picture" time="0.271" /><testcase classname="backend.tests.backend_test" name="test_matches_get" time="3.903" /><testcase classname="backend.tests.backend_test" name="test_matches_generate" time="4.646" /><testcase classname="backend.tests.backend_test" name="test_achievements" time="0.058" /><testcase classname="backend.tests.backend_test" name="test_logout" time="0.087" /></testsuite></testsuites>