<?xml version="1.0" encoding="utf-8"?><testsuites name="pytest tests"><testsuite name="pytest" errors="0" failures="0" skipped="0" tests="15" time="24.715" timestamp="2026-05-21T03:58:52.722889+00:00" hostname="agent-env-152f1e56-ebc3-4b75-8cf6-6dc5725d7a49"><testcase classname="backend.tests.backend_test" name="test_register_new_user" time="0.491" /><testcase classname="backend.tests.backend_test" name="test_register_duplicate" time="0.052" /><testcase classname="backend.tests.backend_test" name="test_auth_me" time="0.047" /><testcase classname="backend.tests.backend_test" name="test_admin_login" time="0.425" /><testcase classname="backend.tests.backend_test" name="test_login_invalid" time="0.379" /><testcase classname="backend.tests.backend_test" name="test_unauth_me" time="0.117" /><testcase classname="backend.tests.backend_test" name="test_get_profile" time="0.045" /><testcase classname="backend.tests.backend_test" name="test_update_profile" time="0.094" /><testcase classname="backend.tests.backend_test" name="test_upload_picture" time="0.202" /><testcase classname="backend.tests.backend_test" name="test_matches_get" time="8.175" /><testcase classname="backend.tests.backend_test" name="test_matches_generate" time="13.329" /><testcase classname="backend.tests.backend_test" name="test_file_auth_check" time="0.778" /><testcase classname="backend.tests.backend_test" name="test_cookie_security" time="0.355" /><testcase classname="backend.tests.backend_test" name="test_achievements" time="0.049" /><testcase classname="backend.tests.backend_test" name="test_logout" time="0.090" /></testsuite></testsuites>